<?xml version="1.0" encoding="UTF-8"?>
<!-- Generated by org.testng.reporters.JUnitReportReporter -->
<testsuite hostname="BKUSL-6QBN7W1" name="pack.GoogleTest" tests="1" failures="0" timestamp="16 Oct 2015 15:12:32 GMT" time="5.563" errors="0">
  <testcase name="openGoogle" time="5.563" classname="pack.GoogleTest"/>
</testsuite> <!-- pack.GoogleTest -->
