<?xml version="1.0" encoding="UTF-8"?>
<!-- Generated by org.testng.reporters.JUnitReportReporter -->
<testsuite hostname="BKUSL-6QBN7W1" name="pack.GoogleTest" tests="1" failures="0" timestamp="15 Sep 2015 17:00:09 GMT" time="5.324" errors="0">
  <testcase name="openGoogle" time="5.324" classname="pack.GoogleTest"/>
</testsuite> <!-- pack.GoogleTest -->
