<?xml version="1.0" encoding="UTF-8"?>
<!-- Generated by org.testng.reporters.JUnitReportReporter -->
<testsuite hostname="BKUSL-6QBN7W1" name="pack.Google" tests="1" failures="0" timestamp="14 Sep 2015 17:15:57 GMT" time="15.261" errors="0">
  <testcase name="openGoogle" time="15.261" classname="pack.Google"/>
</testsuite> <!-- pack.Google -->
