<?xml version="1.0" encoding="UTF-8"?>
<!-- Generated by org.testng.reporters.JUnitReportReporter -->
<testsuite hostname="BKUSL-6QBN7W1" name="pack.GoogleTest" tests="1" failures="0" timestamp="15 Sep 2015 16:38:01 GMT" time="4.514" errors="0">
  <testcase name="openGoogle" time="4.514" classname="pack.GoogleTest"/>
</testsuite> <!-- pack.GoogleTest -->
